[0.362s] DEBUG:colcon:Command line arguments: ['/usr/bin/colcon', 'build', '--cmake-args', '-DCMAKE_EXPORT_COMPILE_COMMANDS=ON', '--merge-install']
[0.362s] DEBUG:colcon:Parsed command line arguments: Namespace(allow_overriding=[], ament_cmake_args=None, base_paths=['.'], bazel_args=None, bazel_task=None, build_base='build', catkin_cmake_args=None, catkin_skip_building_tests=False, cmake_args=['-DCMAKE_EXPORT_COMPILE_COMMANDS=ON'], cmake_clean_cache=False, cmake_clean_first=False, cmake_force_configure=False, cmake_target=None, cmake_target_skip_unavailable=False, continue_on_error=False, event_handlers=None, executor='parallel', ignore_user_meta=False, install_base='install', log_base=None, log_level=None, main=<bound method BuildVerb.main of <colcon_core.verb.build.BuildVerb object at 0x7f0992141790>>, merge_install=True, metas=['./colcon.meta'], mixin=None, mixin_files=None, mixin_verb=('build',), packages_above=None, packages_above_and_dependencies=None, packages_above_depth=None, packages_end=None, packages_ignore=None, packages_ignore_regex=None, packages_select=None, packages_select_build_failed=False, packages_select_by_dep=None, packages_select_regex=None, packages_select_test_failures=False, packages_skip=None, packages_skip_build_finished=False, packages_skip_by_dep=None, packages_skip_regex=None, packages_skip_test_passed=False, packages_skip_up_to=None, packages_start=None, packages_up_to=None, packages_up_to_regex=None, parallel_workers=8, paths=None, symlink_install=False, test_result_base=None, verb_extension=<colcon_core.verb.build.BuildVerb object at 0x7f0992141790>, verb_name='build', verb_parser=<colcon_alias.argument_parser.alias.AliasArgumentDecorator object at 0x7f099208ed30>)
[0.407s] Level 1:colcon.colcon_core.package_discovery:discover_packages(colcon_meta) check parameters
[0.408s] Level 1:colcon.colcon_core.package_discovery:discover_packages(recursive) check parameters
[0.408s] Level 1:colcon.colcon_core.package_discovery:discover_packages(ignore) check parameters
[0.408s] Level 1:colcon.colcon_core.package_discovery:discover_packages(path) check parameters
[0.408s] Level 1:colcon.colcon_core.package_discovery:discover_packages(colcon_meta) discover
[0.408s] Level 1:colcon.colcon_core.package_discovery:discover_packages(recursive) discover
[0.408s] INFO:colcon.colcon_core.package_discovery:Crawling recursively for packages in '/home/william/gary_ws/src/gary_gimbal'
[0.408s] Level 1:colcon.colcon_core.package_identification:_identify(.) by extensions ['ignore', 'ignore_ament_install']
[0.408s] Level 1:colcon.colcon_core.package_identification:_identify(.) by extension 'ignore'
[0.408s] Level 1:colcon.colcon_core.package_identification:_identify(.) by extension 'ignore_ament_install'
[0.408s] Level 1:colcon.colcon_core.package_identification:_identify(.) by extensions ['colcon_pkg']
[0.408s] Level 1:colcon.colcon_core.package_identification:_identify(.) by extension 'colcon_pkg'
[0.408s] Level 1:colcon.colcon_core.package_identification:_identify(.) by extensions ['colcon_meta']
[0.408s] Level 1:colcon.colcon_core.package_identification:_identify(.) by extension 'colcon_meta'
[0.408s] Level 1:colcon.colcon_core.package_identification:_identify(.) by extensions ['ros']
[0.408s] Level 1:colcon.colcon_core.package_identification:_identify(.) by extension 'ros'
[0.414s] DEBUG:colcon.colcon_core.package_identification:Package '.' with type 'ros.ament_cmake' and name 'gary_gimbal'
[0.414s] Level 1:colcon.colcon_core.package_discovery:discover_packages(recursive) using defaults
[0.414s] Level 1:colcon.colcon_core.package_discovery:discover_packages(ignore) discover
[0.414s] Level 1:colcon.colcon_core.package_discovery:discover_packages(ignore) using defaults
[0.414s] Level 1:colcon.colcon_core.package_discovery:discover_packages(path) discover
[0.414s] Level 1:colcon.colcon_core.package_discovery:discover_packages(path) using defaults
[0.434s] Level 1:colcon.colcon_core.package_discovery:discover_packages(prefix_path) check parameters
[0.434s] Level 1:colcon.colcon_core.package_discovery:discover_packages(prefix_path) discover
[0.437s] DEBUG:colcon.colcon_installed_package_information.package_discovery:Found 15 installed packages in /home/william/gary_ws/install
[0.439s] DEBUG:colcon.colcon_installed_package_information.package_discovery:Found 284 installed packages in /opt/ros/foxy
[0.440s] Level 1:colcon.colcon_core.package_discovery:discover_packages(prefix_path) using defaults
[0.513s] Level 5:colcon.colcon_core.verb:set package 'gary_gimbal' build argument 'bazel_args' from command line to 'None'
[0.514s] Level 5:colcon.colcon_core.verb:set package 'gary_gimbal' build argument 'bazel_task' from command line to 'None'
[0.514s] Level 5:colcon.colcon_core.verb:set package 'gary_gimbal' build argument 'cmake_args' from command line to '['-DCMAKE_EXPORT_COMPILE_COMMANDS=ON']'
[0.514s] Level 5:colcon.colcon_core.verb:set package 'gary_gimbal' build argument 'cmake_target' from command line to 'None'
[0.514s] Level 5:colcon.colcon_core.verb:set package 'gary_gimbal' build argument 'cmake_target_skip_unavailable' from command line to 'False'
[0.514s] Level 5:colcon.colcon_core.verb:set package 'gary_gimbal' build argument 'cmake_clean_cache' from command line to 'False'
[0.514s] Level 5:colcon.colcon_core.verb:set package 'gary_gimbal' build argument 'cmake_clean_first' from command line to 'False'
[0.514s] Level 5:colcon.colcon_core.verb:set package 'gary_gimbal' build argument 'cmake_force_configure' from command line to 'False'
[0.514s] Level 5:colcon.colcon_core.verb:set package 'gary_gimbal' build argument 'ament_cmake_args' from command line to 'None'
[0.514s] Level 5:colcon.colcon_core.verb:set package 'gary_gimbal' build argument 'catkin_cmake_args' from command line to 'None'
[0.514s] Level 5:colcon.colcon_core.verb:set package 'gary_gimbal' build argument 'catkin_skip_building_tests' from command line to 'False'
[0.514s] DEBUG:colcon.colcon_core.verb:Building package 'gary_gimbal' with the following arguments: {'ament_cmake_args': None, 'bazel_args': None, 'bazel_task': None, 'build_base': '/home/william/gary_ws/src/gary_gimbal/build/gary_gimbal', 'catkin_cmake_args': None, 'catkin_skip_building_tests': False, 'cmake_args': ['-DCMAKE_EXPORT_COMPILE_COMMANDS=ON'], 'cmake_clean_cache': False, 'cmake_clean_first': False, 'cmake_force_configure': False, 'cmake_target': None, 'cmake_target_skip_unavailable': False, 'install_base': '/home/william/gary_ws/src/gary_gimbal/install', 'merge_install': True, 'path': '/home/william/gary_ws/src/gary_gimbal', 'symlink_install': False, 'test_result_base': None}
[0.514s] INFO:colcon.colcon_core.executor:Executing jobs using 'parallel' executor
[0.518s] DEBUG:colcon.colcon_parallel_executor.executor.parallel:run_until_complete
[0.518s] INFO:colcon.colcon_ros.task.ament_cmake.build:Building ROS package in '/home/william/gary_ws/src/gary_gimbal' with build type 'ament_cmake'
[0.518s] INFO:colcon.colcon_cmake.task.cmake.build:Building CMake package in '/home/william/gary_ws/src/gary_gimbal'
[0.523s] INFO:colcon.colcon_core.plugin_system:Skipping extension 'colcon_core.shell.bat': Not used on non-Windows systems
[0.523s] INFO:colcon.colcon_core.shell:Skip shell extension 'powershell' for command environment: Not usable outside of PowerShell
[0.523s] DEBUG:colcon.colcon_core.shell:Skip shell extension 'dsv' for command environment
[0.539s] DEBUG:colcon.colcon_core.event_handler.log_command:Invoking command in '/home/william/gary_ws/src/gary_gimbal/build/gary_gimbal': CMAKE_PREFIX_PATH=${CMAKE_PREFIX_PATH}:/opt/ros/foxy /usr/bin/cmake /home/william/gary_ws/src/gary_gimbal -DCMAKE_EXPORT_COMPILE_COMMANDS=ON -DCMAKE_INSTALL_PREFIX=/home/william/gary_ws/src/gary_gimbal/install
[3.966s] DEBUG:colcon.colcon_core.event_handler.log_command:Invoked command in '/home/william/gary_ws/src/gary_gimbal/build/gary_gimbal' returned '0': CMAKE_PREFIX_PATH=${CMAKE_PREFIX_PATH}:/opt/ros/foxy /usr/bin/cmake /home/william/gary_ws/src/gary_gimbal -DCMAKE_EXPORT_COMPILE_COMMANDS=ON -DCMAKE_INSTALL_PREFIX=/home/william/gary_ws/src/gary_gimbal/install
[3.970s] DEBUG:colcon.colcon_core.event_handler.log_command:Invoking command in '/home/william/gary_ws/src/gary_gimbal/build/gary_gimbal': CMAKE_PREFIX_PATH=${CMAKE_PREFIX_PATH}:/opt/ros/foxy /usr/bin/cmake --build /home/william/gary_ws/src/gary_gimbal/build/gary_gimbal -- -j8 -l8
[18.015s] DEBUG:colcon.colcon_core.event_handler.log_command:Invoked command in '/home/william/gary_ws/src/gary_gimbal/build/gary_gimbal' returned '0': CMAKE_PREFIX_PATH=${CMAKE_PREFIX_PATH}:/opt/ros/foxy /usr/bin/cmake --build /home/william/gary_ws/src/gary_gimbal/build/gary_gimbal -- -j8 -l8
[18.068s] DEBUG:colcon.colcon_core.event_handler.log_command:Invoking command in '/home/william/gary_ws/src/gary_gimbal/build/gary_gimbal': CMAKE_PREFIX_PATH=${CMAKE_PREFIX_PATH}:/opt/ros/foxy /usr/bin/cmake --install /home/william/gary_ws/src/gary_gimbal/build/gary_gimbal
[18.133s] Level 1:colcon.colcon_core.environment:create_environment_scripts_only(gary_gimbal)
[18.134s] DEBUG:colcon.colcon_core.event_handler.log_command:Invoked command in '/home/william/gary_ws/src/gary_gimbal/build/gary_gimbal' returned '0': CMAKE_PREFIX_PATH=${CMAKE_PREFIX_PATH}:/opt/ros/foxy /usr/bin/cmake --install /home/william/gary_ws/src/gary_gimbal/build/gary_gimbal
[18.299s] Level 1:colcon.colcon_core.environment:checking '/home/william/gary_ws/src/gary_gimbal/install' for CMake module files
[18.300s] Level 1:colcon.colcon_core.environment:checking '/home/william/gary_ws/src/gary_gimbal/install' for CMake config files
[18.300s] Level 1:colcon.colcon_core.shell:create_environment_hook('gary_gimbal', 'cmake_prefix_path')
[18.301s] INFO:colcon.colcon_core.shell:Creating environment hook '/home/william/gary_ws/src/gary_gimbal/install/share/gary_gimbal/hook/cmake_prefix_path.ps1'
[18.306s] INFO:colcon.colcon_core.shell:Creating environment descriptor '/home/william/gary_ws/src/gary_gimbal/install/share/gary_gimbal/hook/cmake_prefix_path.dsv'
[18.321s] INFO:colcon.colcon_core.shell:Creating environment hook '/home/william/gary_ws/src/gary_gimbal/install/share/gary_gimbal/hook/cmake_prefix_path.sh'
[18.323s] Level 1:colcon.colcon_core.environment:checking '/home/william/gary_ws/src/gary_gimbal/install/lib'
[18.323s] Level 1:colcon.colcon_core.shell:create_environment_hook('gary_gimbal', 'ld_library_path_lib')
[18.324s] INFO:colcon.colcon_core.shell:Creating environment hook '/home/william/gary_ws/src/gary_gimbal/install/share/gary_gimbal/hook/ld_library_path_lib.ps1'
[18.325s] INFO:colcon.colcon_core.shell:Creating environment descriptor '/home/william/gary_ws/src/gary_gimbal/install/share/gary_gimbal/hook/ld_library_path_lib.dsv'
[18.325s] INFO:colcon.colcon_core.shell:Creating environment hook '/home/william/gary_ws/src/gary_gimbal/install/share/gary_gimbal/hook/ld_library_path_lib.sh'
[18.325s] Level 1:colcon.colcon_core.environment:checking '/home/william/gary_ws/src/gary_gimbal/install/bin'
[18.325s] Level 1:colcon.colcon_core.environment:checking '/home/william/gary_ws/src/gary_gimbal/install/lib/pkgconfig/gary_gimbal.pc'
[18.325s] Level 1:colcon.colcon_core.environment:checking '/home/william/gary_ws/src/gary_gimbal/install/lib/python3.8/site-packages'
[18.326s] Level 1:colcon.colcon_core.environment:checking '/home/william/gary_ws/src/gary_gimbal/install/bin'
[18.327s] INFO:colcon.colcon_core.shell:Creating package script '/home/william/gary_ws/src/gary_gimbal/install/share/gary_gimbal/package.ps1'
[18.328s] INFO:colcon.colcon_core.shell:Creating package descriptor '/home/william/gary_ws/src/gary_gimbal/install/share/gary_gimbal/package.dsv'
[18.330s] INFO:colcon.colcon_core.shell:Creating package script '/home/william/gary_ws/src/gary_gimbal/install/share/gary_gimbal/package.sh'
[18.332s] INFO:colcon.colcon_core.shell:Creating package script '/home/william/gary_ws/src/gary_gimbal/install/share/gary_gimbal/package.bash'
[18.335s] INFO:colcon.colcon_core.shell:Creating package script '/home/william/gary_ws/src/gary_gimbal/install/share/gary_gimbal/package.zsh'
[18.338s] Level 1:colcon.colcon_core.environment:create_file_with_runtime_dependencies(/home/william/gary_ws/src/gary_gimbal/install/share/colcon-core/packages/gary_gimbal)
[18.377s] Level 1:colcon.colcon_core.environment:create_environment_scripts_only(gary_gimbal)
[18.379s] Level 1:colcon.colcon_core.environment:checking '/home/william/gary_ws/src/gary_gimbal/install' for CMake module files
[18.380s] Level 1:colcon.colcon_core.environment:checking '/home/william/gary_ws/src/gary_gimbal/install' for CMake config files
[18.380s] Level 1:colcon.colcon_core.shell:create_environment_hook('gary_gimbal', 'cmake_prefix_path')
[18.381s] INFO:colcon.colcon_core.shell:Creating environment hook '/home/william/gary_ws/src/gary_gimbal/install/share/gary_gimbal/hook/cmake_prefix_path.ps1'
[18.382s] INFO:colcon.colcon_core.shell:Creating environment descriptor '/home/william/gary_ws/src/gary_gimbal/install/share/gary_gimbal/hook/cmake_prefix_path.dsv'
[18.382s] INFO:colcon.colcon_core.shell:Creating environment hook '/home/william/gary_ws/src/gary_gimbal/install/share/gary_gimbal/hook/cmake_prefix_path.sh'
[18.383s] Level 1:colcon.colcon_core.environment:checking '/home/william/gary_ws/src/gary_gimbal/install/lib'
[18.383s] Level 1:colcon.colcon_core.shell:create_environment_hook('gary_gimbal', 'ld_library_path_lib')
[18.384s] INFO:colcon.colcon_core.shell:Creating environment hook '/home/william/gary_ws/src/gary_gimbal/install/share/gary_gimbal/hook/ld_library_path_lib.ps1'
[18.385s] INFO:colcon.colcon_core.shell:Creating environment descriptor '/home/william/gary_ws/src/gary_gimbal/install/share/gary_gimbal/hook/ld_library_path_lib.dsv'
[18.385s] INFO:colcon.colcon_core.shell:Creating environment hook '/home/william/gary_ws/src/gary_gimbal/install/share/gary_gimbal/hook/ld_library_path_lib.sh'
[18.385s] Level 1:colcon.colcon_core.environment:checking '/home/william/gary_ws/src/gary_gimbal/install/bin'
[18.385s] Level 1:colcon.colcon_core.environment:checking '/home/william/gary_ws/src/gary_gimbal/install/lib/pkgconfig/gary_gimbal.pc'
[18.386s] Level 1:colcon.colcon_core.environment:checking '/home/william/gary_ws/src/gary_gimbal/install/lib/python3.8/site-packages'
[18.386s] Level 1:colcon.colcon_core.environment:checking '/home/william/gary_ws/src/gary_gimbal/install/bin'
[18.387s] INFO:colcon.colcon_core.shell:Creating package script '/home/william/gary_ws/src/gary_gimbal/install/share/gary_gimbal/package.ps1'
[18.388s] INFO:colcon.colcon_core.shell:Creating package descriptor '/home/william/gary_ws/src/gary_gimbal/install/share/gary_gimbal/package.dsv'
[18.388s] INFO:colcon.colcon_core.shell:Creating package script '/home/william/gary_ws/src/gary_gimbal/install/share/gary_gimbal/package.sh'
[18.389s] INFO:colcon.colcon_core.shell:Creating package script '/home/william/gary_ws/src/gary_gimbal/install/share/gary_gimbal/package.bash'
[18.389s] INFO:colcon.colcon_core.shell:Creating package script '/home/william/gary_ws/src/gary_gimbal/install/share/gary_gimbal/package.zsh'
[18.390s] Level 1:colcon.colcon_core.environment:create_file_with_runtime_dependencies(/home/william/gary_ws/src/gary_gimbal/install/share/colcon-core/packages/gary_gimbal)
[18.390s] DEBUG:colcon.colcon_parallel_executor.executor.parallel:closing loop
[18.390s] DEBUG:colcon.colcon_parallel_executor.executor.parallel:loop closed
[18.390s] DEBUG:colcon.colcon_parallel_executor.executor.parallel:run_until_complete finished with '0'
[18.390s] DEBUG:colcon.colcon_core.event_reactor:joining thread
[18.392s] DEBUG:colcon.colcon_core.event_reactor:joined thread
[18.393s] INFO:colcon.colcon_core.shell:Creating prefix script '/home/william/gary_ws/src/gary_gimbal/install/local_setup.ps1'
[18.395s] INFO:colcon.colcon_core.shell:Creating prefix util module '/home/william/gary_ws/src/gary_gimbal/install/_local_setup_util_ps1.py'
[18.397s] INFO:colcon.colcon_core.shell:Creating prefix chain script '/home/william/gary_ws/src/gary_gimbal/install/setup.ps1'
[18.398s] INFO:colcon.colcon_core.shell:Creating prefix script '/home/william/gary_ws/src/gary_gimbal/install/local_setup.sh'
[18.400s] INFO:colcon.colcon_core.shell:Creating prefix util module '/home/william/gary_ws/src/gary_gimbal/install/_local_setup_util_sh.py'
[18.401s] INFO:colcon.colcon_core.shell:Creating prefix chain script '/home/william/gary_ws/src/gary_gimbal/install/setup.sh'
[18.403s] INFO:colcon.colcon_core.shell:Creating prefix script '/home/william/gary_ws/src/gary_gimbal/install/local_setup.bash'
[18.404s] INFO:colcon.colcon_core.shell:Creating prefix chain script '/home/william/gary_ws/src/gary_gimbal/install/setup.bash'
[18.405s] INFO:colcon.colcon_core.shell:Creating prefix script '/home/william/gary_ws/src/gary_gimbal/install/local_setup.zsh'
[18.406s] INFO:colcon.colcon_core.shell:Creating prefix chain script '/home/william/gary_ws/src/gary_gimbal/install/setup.zsh'
